#
# A fatal error has been detected by the Java Runtime Environment:
#
#  Internal Error (vmThread.cpp:695), pid=70053, tid=18179
#  fatal error: Nested VM operation CollectForMetadataAllocation requested by operation ChangeBreakpoints
#
# JRE version: OpenJDK Runtime Environment AdoptOpenJDK (14.0.1+7) (build 14.0.1+7)
# Java VM: OpenJDK 64-Bit Server VM AdoptOpenJDK (14.0.1+7, mixed mode, sharing, tiered, compressed oops, g1 gc, bsd-amd64)
# No core dump will be written. Core dumps have been disabled. To enable core dumping, try "ulimit -c unlimited" before starting Java again
#
# If you would like to submit a bug report, please visit:
#   https://github.com/AdoptOpenJDK/openjdk-support/issues
#

---------------  S U M M A R Y ------------

Command Line: -Dorg.gradle.native=false -agentlib:jdwp=transport=dt_socket,server=n,suspend=y,address=50792 -Xmx512m -Dfile.encoding=UTF-8 -Duser.country=GB -Duser.language=en -Duser.variant -ea worker.org.gradle.process.internal.worker.GradleWorkerMain 'Gradle Test Executor 2'

Host: iMac16,2 x86_64 3100 MHz, 4 cores, 16G, Darwin 20.1.0
Time: Mon Feb 22 05:45:32 2021 GMT elapsed time: 14 seconds (0d 0h 0m 14s)

---------------  T H R E A D  ---------------

Current thread (0x00007f84460c6000):  VMThread "VM Thread" [stack: 0x0000700006775000,0x0000700006875000] [id=18179]

Stack: [0x0000700006775000,0x0000700006875000],  sp=0x0000700006874160,  free space=1020k
Native frames: (J=compiled Java code, A=aot compiled Java code, j=interpreted, Vv=VM code, C=native code)
V  [libjvm.dylib+0x7bb3e7]  VMError::report_and_die(int, char const*, char const*, __va_list_tag*, Thread*, unsigned char*, void*, void*, char const*, int, unsigned long)+0x667
V  [libjvm.dylib+0x7bba0f]  VMError::report_and_die(Thread*, void*, char const*, int, char const*, char const*, __va_list_tag*)+0x47
V  [libjvm.dylib+0x217148]  report_fatal(char const*, int, char const*, ...)+0xb5
V  [libjvm.dylib+0x7c47f0]  VMThread::execute(VM_Operation*)+0x98
V  [libjvm.dylib+0x1ee9e3]  CollectedHeap::satisfy_failed_metadata_allocation(ClassLoaderData*, unsigned long, Metaspace::MetadataType)+0x185
V  [libjvm.dylib+0x5ab43c]  Metaspace::allocate(ClassLoaderData*, unsigned long, MetaspaceObj::Type, Thread*)+0xde
V  [libjvm.dylib+0x5ba350]  MethodCounters::allocate(methodHandle const&, Thread*)+0x3a
V  [libjvm.dylib+0x5b5a79]  Method::build_method_counters(Method*, Thread*)+0x51
V  [libjvm.dylib+0x1afb5f]  Method::get_method_counters(Thread*)+0x1b
V  [libjvm.dylib+0x5b839f]  BreakpointInfo::set(Method*)+0x39
V  [libjvm.dylib+0x4c234d]  JvmtiBreakpoint::each_method_version_do(void (Method::*)(int))+0x3f
V  [libjvm.dylib+0x4c2651]  JvmtiBreakpoints::set_at_safepoint(JvmtiBreakpoint&)+0x81
V  [libjvm.dylib+0x7bc2ce]  VM_Operation::evaluate()+0xd4
V  [libjvm.dylib+0x7c4548]  VMThread::evaluate_operation(VM_Operation*)+0x12c
V  [libjvm.dylib+0x7c3f79]  VMThread::loop()+0x101
V  [libjvm.dylib+0x7c3d8f]  VMThread::run()+0x79
V  [libjvm.dylib+0x7635a5]  Thread::call_run()+0x71
V  [libjvm.dylib+0x5f6f8a]  thread_native_entry(Thread*)+0x129
C  [libsystem_pthread.dylib+0x6950]  _pthread_start+0xe0
C  [libsystem_pthread.dylib+0x247b]  thread_start+0xf

VM_Operation (0x0000700007192a20): ChangeBreakpoints, mode: safepoint, requested by thread 0x00007f84460ca800


---------------  P R O C E S S  ---------------

Threads class SMR info:
_java_thread_list=0x00007f84481fa4c0, length=16, elements={
0x00007f8446018800, 0x00007f8447808800, 0x00007f844780b800, 0x00007f84460c9800,
0x00007f844581c800, 0x00007f8445043800, 0x00007f8445811800, 0x00007f8445812000,
0x00007f84460ca800, 0x00007f8445855800, 0x00007f8445854800, 0x00007f84450c7800,
0x00007f84450cc800, 0x00007f8445a6b800, 0x00007f8446149000, 0x00007f8446149800
}

Java Threads: ( => current thread )
  0x00007f8446018800 JavaThread "main" [_thread_blocked, id=6147, stack(0x0000700006163000,0x0000700006263000)]
  0x00007f8447808800 JavaThread "Reference Handler" daemon [_thread_blocked, id=14083, stack(0x0000700006878000,0x0000700006978000)]
  0x00007f844780b800 JavaThread "Finalizer" daemon [_thread_blocked, id=14339, stack(0x000070000697b000,0x0000700006a7b000)]
  0x00007f84460c9800 JavaThread "Signal Dispatcher" daemon [_thread_blocked, id=43011, stack(0x0000700006b84000,0x0000700006c84000)]
  0x00007f844581c800 JavaThread "Service Thread" daemon [_thread_blocked, id=42243, stack(0x0000700006c87000,0x0000700006d87000)]
  0x00007f8445043800 JavaThread "C2 CompilerThread0" daemon [_thread_blocked, id=41475, stack(0x0000700006d8a000,0x0000700006e8a000)]
  0x00007f8445811800 JavaThread "C1 CompilerThread0" daemon [_thread_blocked, id=40707, stack(0x0000700006e8d000,0x0000700006f8d000)]
  0x00007f8445812000 JavaThread "Sweeper thread" daemon [_thread_blocked, id=40451, stack(0x0000700006f90000,0x0000700007090000)]
  0x00007f84460ca800 JavaThread "JDWP Transport Listener: dt_socket" daemon [_thread_blocked, id=39683, stack(0x0000700007093000,0x0000700007193000)]
  0x00007f8445855800 JavaThread "JDWP Event Helper Thread" daemon [_thread_blocked, id=38915, stack(0x0000700007196000,0x0000700007296000)]
  0x00007f8445854800 JavaThread "JDWP Command Reader" daemon [_thread_in_native, id=22787, stack(0x0000700007299000,0x0000700007399000)]
  0x00007f84450c7800 JavaThread "Notification Thread" daemon [_thread_blocked, id=23555, stack(0x000070000739c000,0x000070000749c000)]
  0x00007f84450cc800 JavaThread "Common-Cleaner" daemon [_thread_blocked, id=37379, stack(0x00007000075a2000,0x00007000076a2000)]
  0x00007f8445a6b800 JavaThread "Test worker" [_thread_blocked, id=36611, stack(0x00007000079ae000,0x0000700007aae000)]
  0x00007f8446149000 JavaThread "/127.0.0.1:50797 to /127.0.0.1:50795 workers Thread 2" [_thread_blocked, id=25347, stack(0x0000700007ab1000,0x0000700007bb1000)]
  0x00007f8446149800 JavaThread "/127.0.0.1:50797 to /127.0.0.1:50795 workers Thread 3" [_thread_in_native, id=35587, stack(0x0000700007bb4000,0x0000700007cb4000)]

Other Threads:
=>0x00007f84460c6000 VMThread "VM Thread" [stack: 0x0000700006775000,0x0000700006875000] [id=18179]
  0x00007f84450c8800 WatcherThread [stack: 0x000070000749f000,0x000070000759f000] [id=38147]
  0x00007f8445035800 GCTaskThread "GC Thread#0" [stack: 0x0000700006266000,0x0000700006366000] [id=13059]
  0x00007f84460cf000 GCTaskThread "GC Thread#1" [stack: 0x00007000076a5000,0x00007000077a5000] [id=24067]
  0x00007f8446110000 GCTaskThread "GC Thread#2" [stack: 0x00007000077a8000,0x00007000078a8000] [id=24579]
  0x00007f84450f9000 GCTaskThread "GC Thread#3" [stack: 0x00007000078ab000,0x00007000079ab000] [id=25091]
  0x00007f844503a800 ConcurrentGCThread "G1 Main Marker" [stack: 0x0000700006369000,0x0000700006469000] [id=20227]
  0x00007f844503b000 ConcurrentGCThread "G1 Conc#0" [stack: 0x000070000646c000,0x000070000656c000] [id=19203]
  0x00007f84460b2800 ConcurrentGCThread "G1 Refine#0" [stack: 0x000070000656f000,0x000070000666f000] [id=18691]
  0x00007f84460b3800 ConcurrentGCThread "G1 Young RemSet Sampling" [stack: 0x0000700006672000,0x0000700006772000] [id=18435]

Threads with active compile tasks:
C2 CompilerThread0    14469 3828       4       org.springframework.core.ResolvableType::forType (115 bytes)

VM state:at safepoint (normal execution)

VM Mutex/Monitor currently owned by a thread:  ([mutex/lock_event])
[0x00007f8444f0a250] Threads_lock - owner thread: 0x00007f84460c6000

Heap address: 0x00000007e0000000, size: 512 MB, Compressed Oops mode: Zero based, Oop shift amount: 3
Narrow klass base: 0x0000000800000000, Narrow klass shift: 3
Compressed class space size: 1073741824 Address: 0x0000000800b19000

Heap:
 garbage-first heap   total 65536K, used 47768K [0x00000007e0000000, 0x0000000800000000)
  region size 1024K, 30 young (30720K), 4 survivors (4096K)
 Metaspace       used 34750K, capacity 35668K, committed 35888K, reserved 1081344K
  class space    used 4522K, capacity 4872K, committed 4992K, reserved 1048576K
Heap Regions: E=young(eden), S=young(survivor), O=old, HS=humongous(starts), HC=humongous(continues), CS=collection set, F=free, OA=open archive, CA=closed archive, TAMS=top-at-mark-start (previous, next)
|   0|0x00000007e0000000, 0x00000007e0100000, 0x00000007e0100000|100%|HS|  |TAMS 0x00000007e0100000, 0x00000007e0000000| Complete 
|   1|0x00000007e0100000, 0x00000007e0200000, 0x00000007e0200000|100%| O|  |TAMS 0x00000007e0200000, 0x00000007e0100000| Untracked 
|   2|0x00000007e0200000, 0x00000007e0300000, 0x00000007e0300000|100%| O|  |TAMS 0x00000007e0300000, 0x00000007e0200000| Untracked 
|   3|0x00000007e0300000, 0x00000007e0400000, 0x00000007e0400000|100%| O|  |TAMS 0x00000007e0400000, 0x00000007e0300000| Untracked 
|   4|0x00000007e0400000, 0x00000007e0500000, 0x00000007e0500000|100%| O|  |TAMS 0x00000007e0500000, 0x00000007e0400000| Untracked 
|   5|0x00000007e0500000, 0x00000007e0600000, 0x00000007e0600000|100%| O|  |TAMS 0x00000007e0600000, 0x00000007e0500000| Untracked 
|   6|0x00000007e0600000, 0x00000007e0700000, 0x00000007e0700000|100%| O|  |TAMS 0x00000007e0700000, 0x00000007e0600000| Untracked 
|   7|0x00000007e0700000, 0x00000007e0800000, 0x00000007e0800000|100%| O|  |TAMS 0x00000007e0800000, 0x00000007e0700000| Untracked 
|   8|0x00000007e0800000, 0x00000007e08b6600, 0x00000007e0900000| 71%| O|  |TAMS 0x00000007e08b6600, 0x00000007e0800000| Untracked 
|   9|0x00000007e0900000, 0x00000007e0a00000, 0x00000007e0a00000|100%| O|  |TAMS 0x00000007e0900000, 0x00000007e0900000| Untracked 
|  10|0x00000007e0a00000, 0x00000007e0b00000, 0x00000007e0b00000|100%| O|  |TAMS 0x00000007e0a00000, 0x00000007e0a00000| Untracked 
|  11|0x00000007e0b00000, 0x00000007e0c00000, 0x00000007e0c00000|100%| O|  |TAMS 0x00000007e0b00000, 0x00000007e0b00000| Untracked 
|  12|0x00000007e0c00000, 0x00000007e0d00000, 0x00000007e0d00000|100%| O|  |TAMS 0x00000007e0c00000, 0x00000007e0c00000| Untracked 
|  13|0x00000007e0d00000, 0x00000007e0e00000, 0x00000007e0e00000|100%| O|  |TAMS 0x00000007e0d00000, 0x00000007e0d00000| Untracked 
|  14|0x00000007e0e00000, 0x00000007e0f00000, 0x00000007e0f00000|100%| O|  |TAMS 0x00000007e0e00000, 0x00000007e0e00000| Untracked 
|  15|0x00000007e0f00000, 0x00000007e1000000, 0x00000007e1000000|100%| O|  |TAMS 0x00000007e0f00000, 0x00000007e0f00000| Untracked 
|  16|0x00000007e1000000, 0x00000007e1100000, 0x00000007e1100000|100%| O|  |TAMS 0x00000007e1000000, 0x00000007e1000000| Untracked 
|  17|0x00000007e1100000, 0x00000007e11be600, 0x00000007e1200000| 74%| O|  |TAMS 0x00000007e1100000, 0x00000007e1100000| Untracked 
|  18|0x00000007e1200000, 0x00000007e1200000, 0x00000007e1300000|  0%| F|  |TAMS 0x00000007e1200000, 0x00000007e1200000| Untracked 
|  19|0x00000007e1300000, 0x00000007e1300000, 0x00000007e1400000|  0%| F|  |TAMS 0x00000007e1300000, 0x00000007e1300000| Untracked 
|  20|0x00000007e1400000, 0x00000007e1400000, 0x00000007e1500000|  0%| F|  |TAMS 0x00000007e1400000, 0x00000007e1400000| Untracked 
|  21|0x00000007e1500000, 0x00000007e1500000, 0x00000007e1600000|  0%| F|  |TAMS 0x00000007e1500000, 0x00000007e1500000| Untracked 
|  22|0x00000007e1600000, 0x00000007e1600000, 0x00000007e1700000|  0%| F|  |TAMS 0x00000007e1600000, 0x00000007e1600000| Untracked 
|  23|0x00000007e1700000, 0x00000007e1700000, 0x00000007e1800000|  0%| F|  |TAMS 0x00000007e1700000, 0x00000007e1700000| Untracked 
|  24|0x00000007e1800000, 0x00000007e1800000, 0x00000007e1900000|  0%| F|  |TAMS 0x00000007e1800000, 0x00000007e1800000| Untracked 
|  25|0x00000007e1900000, 0x00000007e1963438, 0x00000007e1a00000| 38%| S|CS|TAMS 0x00000007e1900000, 0x00000007e1900000| Complete 
|  26|0x00000007e1a00000, 0x00000007e1b00000, 0x00000007e1b00000|100%| S|CS|TAMS 0x00000007e1a00000, 0x00000007e1a00000| Complete 
|  27|0x00000007e1b00000, 0x00000007e1c00000, 0x00000007e1c00000|100%| S|CS|TAMS 0x00000007e1b00000, 0x00000007e1b00000| Complete 
|  28|0x00000007e1c00000, 0x00000007e1d00000, 0x00000007e1d00000|100%| S|CS|TAMS 0x00000007e1c00000, 0x00000007e1c00000| Complete 
|  29|0x00000007e1d00000, 0x00000007e1d00000, 0x00000007e1e00000|  0%| F|  |TAMS 0x00000007e1d00000, 0x00000007e1d00000| Untracked 
|  30|0x00000007e1e00000, 0x00000007e1e00000, 0x00000007e1f00000|  0%| F|  |TAMS 0x00000007e1e00000, 0x00000007e1e00000| Untracked 
|  31|0x00000007e1f00000, 0x00000007e1f00000, 0x00000007e2000000|  0%| F|  |TAMS 0x00000007e1f00000, 0x00000007e1f00000| Untracked 
|  32|0x00000007e2000000, 0x00000007e2000000, 0x00000007e2100000|  0%| F|  |TAMS 0x00000007e2000000, 0x00000007e2000000| Untracked 
|  33|0x00000007e2100000, 0x00000007e2100000, 0x00000007e2200000|  0%| F|  |TAMS 0x00000007e2100000, 0x00000007e2100000| Untracked 
|  34|0x00000007e2200000, 0x00000007e2200000, 0x00000007e2300000|  0%| F|  |TAMS 0x00000007e2200000, 0x00000007e2200000| Untracked 
|  35|0x00000007e2300000, 0x00000007e2300000, 0x00000007e2400000|  0%| F|  |TAMS 0x00000007e2300000, 0x00000007e2300000| Untracked 
|  36|0x00000007e2400000, 0x00000007e246d900, 0x00000007e2500000| 42%| E|  |TAMS 0x00000007e2400000, 0x00000007e2400000| Complete 
|  37|0x00000007e2500000, 0x00000007e2600000, 0x00000007e2600000|100%| E|CS|TAMS 0x00000007e2500000, 0x00000007e2500000| Complete 
|  38|0x00000007e2600000, 0x00000007e2700000, 0x00000007e2700000|100%| E|CS|TAMS 0x00000007e2600000, 0x00000007e2600000| Complete 
|  39|0x00000007e2700000, 0x00000007e2800000, 0x00000007e2800000|100%| E|CS|TAMS 0x00000007e2700000, 0x00000007e2700000| Complete 
|  40|0x00000007e2800000, 0x00000007e2900000, 0x00000007e2900000|100%| E|CS|TAMS 0x00000007e2800000, 0x00000007e2800000| Complete 
|  41|0x00000007e2900000, 0x00000007e2a00000, 0x00000007e2a00000|100%| E|CS|TAMS 0x00000007e2900000, 0x00000007e2900000| Complete 
|  42|0x00000007e2a00000, 0x00000007e2b00000, 0x00000007e2b00000|100%| E|CS|TAMS 0x00000007e2a00000, 0x00000007e2a00000| Complete 
|  43|0x00000007e2b00000, 0x00000007e2c00000, 0x00000007e2c00000|100%| E|CS|TAMS 0x00000007e2b00000, 0x00000007e2b00000| Complete 
|  44|0x00000007e2c00000, 0x00000007e2d00000, 0x00000007e2d00000|100%| E|CS|TAMS 0x00000007e2c00000, 0x00000007e2c00000| Complete 
|  45|0x00000007e2d00000, 0x00000007e2e00000, 0x00000007e2e00000|100%| E|CS|TAMS 0x00000007e2d00000, 0x00000007e2d00000| Complete 
|  46|0x00000007e2e00000, 0x00000007e2f00000, 0x00000007e2f00000|100%| E|CS|TAMS 0x00000007e2e00000, 0x00000007e2e00000| Complete 
|  47|0x00000007e2f00000, 0x00000007e3000000, 0x00000007e3000000|100%| E|CS|TAMS 0x00000007e2f00000, 0x00000007e2f00000| Complete 
|  48|0x00000007e3000000, 0x00000007e3100000, 0x00000007e3100000|100%| E|CS|TAMS 0x00000007e3000000, 0x00000007e3000000| Complete 
|  49|0x00000007e3100000, 0x00000007e3200000, 0x00000007e3200000|100%| E|CS|TAMS 0x00000007e3100000, 0x00000007e3100000| Complete 
|  50|0x00000007e3200000, 0x00000007e3300000, 0x00000007e3300000|100%| E|CS|TAMS 0x00000007e3200000, 0x00000007e3200000| Complete 
|  51|0x00000007e3300000, 0x00000007e3400000, 0x00000007e3400000|100%| E|CS|TAMS 0x00000007e3300000, 0x00000007e3300000| Complete 
|  52|0x00000007e3400000, 0x00000007e3500000, 0x00000007e3500000|100%| E|CS|TAMS 0x00000007e3400000, 0x00000007e3400000| Complete 
|  53|0x00000007e3500000, 0x00000007e3600000, 0x00000007e3600000|100%| E|CS|TAMS 0x00000007e3500000, 0x00000007e3500000| Complete 
| 146|0x00000007e9200000, 0x00000007e9300000, 0x00000007e9300000|100%| E|CS|TAMS 0x00000007e9200000, 0x00000007e9200000| Complete 
| 147|0x00000007e9300000, 0x00000007e9400000, 0x00000007e9400000|100%| E|CS|TAMS 0x00000007e9300000, 0x00000007e9300000| Complete 
| 148|0x00000007e9400000, 0x00000007e9500000, 0x00000007e9500000|100%| E|CS|TAMS 0x00000007e9400000, 0x00000007e9400000| Complete 
| 149|0x00000007e9500000, 0x00000007e9600000, 0x00000007e9600000|100%| E|CS|TAMS 0x00000007e9500000, 0x00000007e9500000| Complete 
| 150|0x00000007e9600000, 0x00000007e9700000, 0x00000007e9700000|100%| E|CS|TAMS 0x00000007e9600000, 0x00000007e9600000| Complete 
| 151|0x00000007e9700000, 0x00000007e9800000, 0x00000007e9800000|100%| E|CS|TAMS 0x00000007e9700000, 0x00000007e9700000| Complete 
| 152|0x00000007e9800000, 0x00000007e9900000, 0x00000007e9900000|100%| E|CS|TAMS 0x00000007e9800000, 0x00000007e9800000| Complete 
| 255|0x00000007eff00000, 0x00000007f0000000, 0x00000007f0000000|100%| E|CS|TAMS 0x00000007eff00000, 0x00000007eff00000| Complete 
| 510|0x00000007ffe00000, 0x00000007ffe52000, 0x00000007fff00000| 32%|OA|  |TAMS 0x00000007ffe52000, 0x00000007ffe00000| Untracked 
| 511|0x00000007fff00000, 0x00000007fff7c000, 0x0000000800000000| 48%|CA|  |TAMS 0x00000007fff7c000, 0x00000007fff00000| Untracked 

Card table byte_map: [0x0000000106000000,0x0000000106100000] _byte_map_base: 0x0000000102100000

Marking Bits (Prev, Next): (CMBitMap*) 0x00007f8445035e58, (CMBitMap*) 0x00007f8445035e18
 Prev Bits: [0x000000011f5e4000, 0x000000011fde4000)
 Next Bits: [0x0000000106200000, 0x0000000106a00000)

Polling page: 0x0000000103bec000

Metaspace:

Usage:
  Non-class:     30.07 MB capacity,    29.52 MB ( 98%) used,   470.34 KB (  2%) free+waste,    97.38 KB ( <1%) overhead. 
      Class:      4.76 MB capacity,     4.42 MB ( 93%) used,   304.77 KB (  6%) free+waste,    45.12 KB ( <1%) overhead. 
       Both:     34.83 MB capacity,    33.94 MB ( 97%) used,   775.11 KB (  2%) free+waste,   142.50 KB ( <1%) overhead. 

Virtual space:
  Non-class space:       32.00 MB reserved,      30.17 MB ( 94%) committed 
      Class space:        1.00 GB reserved,       4.88 MB ( <1%) committed 
             Both:        1.03 GB reserved,      35.05 MB (  3%) committed 

Chunk freelists:
   Non-Class:  80.00 KB
       Class:  20.00 KB
        Both:  100.00 KB

MaxMetaspaceSize: unlimited
CompressedClassSpaceSize: 1.00 GB

CodeHeap 'non-profiled nmethods': size=120032Kb used=2098Kb max_used=2098Kb free=117933Kb
 bounds [0x00000001180ac000, 0x000000011831c000, 0x000000011f5e4000]
CodeHeap 'profiled nmethods': size=120028Kb used=8875Kb max_used=8875Kb free=111152Kb
 bounds [0x0000000110b75000, 0x0000000111425000, 0x00000001180ac000]
CodeHeap 'non-nmethods': size=5700Kb used=1304Kb max_used=1373Kb free=4395Kb
 bounds [0x00000001105e4000, 0x0000000110854000, 0x0000000110b75000]
 total_blobs=5198 nmethods=3817 adapters=415
 compilation: enabled
              stopped_count=0, restarted_count=0
 full_count=0

Compilation events (20 events):
Event: 14.322 Thread 0x00007f8445811800 3829       3       org.springframework.core.convert.support.GenericConversionService$Converters::addToClassHierarchy (34 bytes)
Event: 14.322 Thread 0x00007f8445811800 nmethod 3829 0x0000000111412490 code [0x0000000111412660, 0x0000000111412aa0]
Event: 14.322 Thread 0x00007f8445811800 3830       3       java.util.stream.Collectors$$Lambda$44/0x0000000800bb7040::accept (12 bytes)
Event: 14.323 Thread 0x00007f8445811800 nmethod 3830 0x0000000111412c90 code [0x0000000111412e40, 0x00000001114131e0]
Event: 14.336 Thread 0x00007f8445811800 3832   !   2       java.util.concurrent.ConcurrentHashMap::putVal (432 bytes)
Event: 14.337 Thread 0x00007f8445811800 nmethod 3832 0x0000000111413310 code [0x00000001114135c0, 0x0000000111414b70]
Event: 14.362 Thread 0x00007f8445811800 3834       3       org.springframework.beans.factory.support.AbstractBeanFactory::isTypeMatch (607 bytes)
Event: 14.364 Thread 0x00007f8445811800 nmethod 3834 0x0000000111415510 code [0x0000000111415ac0, 0x000000011141a690]
Event: 14.364 Thread 0x00007f8445811800 3836       3       org.springframework.util.ConcurrentReferenceHashMap$Segment::findInChain (66 bytes)
Event: 14.365 Thread 0x00007f8445811800 nmethod 3836 0x000000011141b890 code [0x000000011141ba80, 0x000000011141bff0]
Event: 14.365 Thread 0x00007f8445811800 3839       3       java.lang.reflect.ProxyGenerator::computeUniqueCatchList (163 bytes)
Event: 14.366 Thread 0x00007f8445811800 nmethod 3839 0x000000011141c190 code [0x000000011141c520, 0x000000011141e200]
Event: 14.366 Thread 0x00007f8445811800 3837       1       java.lang.reflect.Field::getDeclaringClass (5 bytes)
Event: 14.366 Thread 0x00007f8445811800 nmethod 3837 0x00000001182b7f90 code [0x00000001182b8120, 0x00000001182b81f0]
Event: 14.366 Thread 0x00007f8445811800 3838       1       java.util.Spliterators$EmptySpliterator::characteristics (4 bytes)
Event: 14.366 Thread 0x00007f8445811800 nmethod 3838 0x00000001182b8290 code [0x00000001182b8420, 0x00000001182b84f0]
Event: 14.366 Thread 0x00007f8445811800 3840       1       org.springframework.core.annotation.TypeMappedAnnotations$AggregatesSpliterator::characteristics (4 bytes)
Event: 14.366 Thread 0x00007f8445811800 nmethod 3840 0x00000001182b8590 code [0x00000001182b8720, 0x00000001182b87f0]
Event: 14.368 Thread 0x00007f8445811800 3841       3       org.springframework.core.annotation.TypeMappedAnnotations$AggregatesSpliterator::getNextSuitableMapping (60 bytes)
Event: 14.368 Thread 0x00007f8445811800 nmethod 3841 0x000000011141ed10 code [0x000000011141ef40, 0x000000011141f840]

GC Heap History (20 events):
Event: 1.817 GC heap before
{Heap before GC invocations=1 (full 0):
 garbage-first heap   total 264192K, used 18985K [0x00000007e0000000, 0x0000000800000000)
  region size 1024K, 12 young (12288K), 2 survivors (2048K)
 Metaspace       used 4797K, capacity 6539K, committed 6784K, reserved 1056768K
  class space    used 626K, capacity 788K, committed 896K, reserved 1048576K
}
Event: 1.821 GC heap after
{Heap after GC invocations=2 (full 0):
 garbage-first heap   total 264192K, used 11121K [0x00000007e0000000, 0x0000000800000000)
  region size 1024K, 2 young (2048K), 2 survivors (2048K)
 Metaspace       used 4797K, capacity 6539K, committed 6784K, reserved 1056768K
  class space    used 626K, capacity 788K, committed 896K, reserved 1048576K
}
Event: 2.615 GC heap before
{Heap before GC invocations=2 (full 0):
 garbage-first heap   total 264192K, used 35697K [0x00000007e0000000, 0x0000000800000000)
  region size 1024K, 26 young (26624K), 2 survivors (2048K)
 Metaspace       used 8239K, capacity 9267K, committed 9472K, reserved 1056768K
  class space    used 1055K, capacity 1209K, committed 1280K, reserved 1048576K
}
Event: 2.617 GC heap after
{Heap after GC invocations=3 (full 0):
 garbage-first heap   total 264192K, used 12009K [0x00000007e0000000, 0x0000000800000000)
  region size 1024K, 3 young (3072K), 3 survivors (3072K)
 Metaspace       used 8239K, capacity 9267K, committed 9472K, reserved 1056768K
  class space    used 1055K, capacity 1209K, committed 1280K, reserved 1048576K
}
Event: 10.364 GC heap before
{Heap before GC invocations=3 (full 0):
 garbage-first heap   total 264192K, used 112361K [0x00000007e0000000, 0x0000000800000000)
  region size 1024K, 103 young (105472K), 3 survivors (3072K)
 Metaspace       used 20678K, capacity 21224K, committed 21296K, reserved 1067008K
  class space    used 2669K, capacity 2916K, committed 2944K, reserved 1048576K
}
Event: 10.370 GC heap after
{Heap after GC invocations=4 (full 0):
 garbage-first heap   total 264192K, used 16262K [0x00000007e0000000, 0x0000000800000000)
  region size 1024K, 7 young (7168K), 7 survivors (7168K)
 Metaspace       used 20678K, capacity 21224K, committed 21296K, reserved 1067008K
  class space    used 2669K, capacity 2916K, committed 2944K, reserved 1048576K
}
Event: 10.985 GC heap before
{Heap before GC invocations=5 (full 0):
 garbage-first heap   total 65536K, used 48006K [0x00000007e0000000, 0x0000000800000000)
  region size 1024K, 38 young (38912K), 7 survivors (7168K)
 Metaspace       used 22976K, capacity 23560K, committed 23728K, reserved 1069056K
  class space    used 3057K, capacity 3307K, committed 3328K, reserved 1048576K
}
Event: 10.996 GC heap after
{Heap after GC invocations=6 (full 0):
 garbage-first heap   total 65536K, used 17459K [0x00000007e0000000, 0x0000000800000000)
  region size 1024K, 2 young (2048K), 2 survivors (2048K)
 Metaspace       used 22976K, capacity 23560K, committed 23728K, reserved 1069056K
  class space    used 3057K, capacity 3307K, committed 3328K, reserved 1048576K
}
Event: 11.648 GC heap before
{Heap before GC invocations=6 (full 0):
 garbage-first heap   total 65536K, used 45107K [0x00000007e0000000, 0x0000000800000000)
  region size 1024K, 29 young (29696K), 2 survivors (2048K)
 Metaspace       used 25423K, capacity 26075K, committed 26288K, reserved 1073152K
  class space    used 3329K, capacity 3569K, committed 3584K, reserved 1048576K
}
Event: 11.651 GC heap after
{Heap after GC invocations=7 (full 0):
 garbage-first heap   total 65536K, used 18174K [0x00000007e0000000, 0x0000000800000000)
  region size 1024K, 3 young (3072K), 3 survivors (3072K)
 Metaspace       used 25423K, capacity 26075K, committed 26288K, reserved 1073152K
  class space    used 3329K, capacity 3569K, committed 3584K, reserved 1048576K
}
Event: 11.993 GC heap before
{Heap before GC invocations=7 (full 0):
 garbage-first heap   total 65536K, used 45822K [0x00000007e0000000, 0x0000000800000000)
  region size 1024K, 31 young (31744K), 3 survivors (3072K)
 Metaspace       used 26800K, capacity 27490K, committed 27696K, reserved 1073152K
  class space    used 3461K, capacity 3699K, committed 3712K, reserved 1048576K
}
Event: 11.995 GC heap after
{Heap after GC invocations=8 (full 0):
 garbage-first heap   total 65536K, used 18855K [0x00000007e0000000, 0x0000000800000000)
  region size 1024K, 3 young (3072K), 3 survivors (3072K)
 Metaspace       used 26800K, capacity 27490K, committed 27696K, reserved 1073152K
  class space    used 3461K, capacity 3699K, committed 3712K, reserved 1048576K
}
Event: 12.130 GC heap before
{Heap before GC invocations=8 (full 0):
 garbage-first heap   total 65536K, used 47527K [0x00000007e0000000, 0x0000000800000000)
  region size 1024K, 32 young (32768K), 3 survivors (3072K)
 Metaspace       used 27591K, capacity 28290K, committed 28592K, reserved 1075200K
  class space    used 3546K, capacity 3795K, committed 3840K, reserved 1048576K
}
Event: 12.133 GC heap after
{Heap after GC invocations=9 (full 0):
 garbage-first heap   total 65536K, used 19068K [0x00000007e0000000, 0x0000000800000000)
  region size 1024K, 2 young (2048K), 2 survivors (2048K)
 Metaspace       used 27591K, capacity 28290K, committed 28592K, reserved 1075200K
  class space    used 3546K, capacity 3795K, committed 3840K, reserved 1048576K
}
Event: 12.737 GC heap before
{Heap before GC invocations=9 (full 0):
 garbage-first heap   total 65536K, used 49788K [0x00000007e0000000, 0x0000000800000000)
  region size 1024K, 32 young (32768K), 2 survivors (2048K)
 Metaspace       used 29625K, capacity 30314K, committed 30384K, reserved 1075200K
  class space    used 3824K, capacity 4085K, committed 4096K, reserved 1048576K
}
Event: 12.739 GC heap after
{Heap after GC invocations=10 (full 0):
 garbage-first heap   total 65536K, used 20288K [0x00000007e0000000, 0x0000000800000000)
  region size 1024K, 4 young (4096K), 4 survivors (4096K)
 Metaspace       used 29625K, capacity 30314K, committed 30384K, reserved 1075200K
  class space    used 3824K, capacity 4085K, committed 4096K, reserved 1048576K
}
Event: 13.170 GC heap before
{Heap before GC invocations=10 (full 0):
 garbage-first heap   total 65536K, used 49984K [0x00000007e0000000, 0x0000000800000000)
  region size 1024K, 33 young (33792K), 4 survivors (4096K)
 Metaspace       used 30365K, capacity 31180K, committed 31280K, reserved 1077248K
  class space    used 3902K, capacity 4195K, committed 4224K, reserved 1048576K
}
Event: 13.173 GC heap after
{Heap after GC invocations=11 (full 0):
 garbage-first heap   total 65536K, used 20640K [0x00000007e0000000, 0x0000000800000000)
  region size 1024K, 3 young (3072K), 3 survivors (3072K)
 Metaspace       used 30365K, capacity 31180K, committed 31280K, reserved 1077248K
  class space    used 3902K, capacity 4195K, committed 4224K, reserved 1048576K
}
Event: 13.798 GC heap before
{Heap before GC invocations=11 (full 0):
 garbage-first heap   total 65536K, used 51360K [0x00000007e0000000, 0x0000000800000000)
  region size 1024K, 33 young (33792K), 3 survivors (3072K)
 Metaspace       used 32721K, capacity 33633K, committed 33712K, reserved 1079296K
  class space    used 4240K, capacity 4580K, committed 4608K, reserved 1048576K
}
Event: 13.801 GC heap after
{Heap after GC invocations=12 (full 0):
 garbage-first heap   total 65536K, used 22168K [0x00000007e0000000, 0x0000000800000000)
  region size 1024K, 4 young (4096K), 4 survivors (4096K)
 Metaspace       used 32721K, capacity 33633K, committed 33712K, reserved 1079296K
  class space    used 4240K, capacity 4580K, committed 4608K, reserved 1048576K
}

Deoptimization events (20 events):
Event: 14.302 Thread 0x00007f8445a6b800 Uncommon trap: trap_request=0xffffff45 fr.pc=0x00000001182a02e8 relative=0x0000000000000d48
Event: 14.302 Thread 0x00007f8445a6b800 Uncommon trap: reason=unstable_if action=reinterpret pc=0x00000001182a02e8 method=org.springframework.util.ConcurrentReferenceHashMap$Segment.findInChain(Lorg/springframework/util/ConcurrentReferenceHashMap$Reference;Ljava/lang/Object;I)Lorg/springframewo
Event: 14.302 Thread 0x00007f8445a6b800 DEOPT PACKING pc=0x00000001182a02e8 sp=0x0000700007aaa670
Event: 14.302 Thread 0x00007f8445a6b800 DEOPT UNPACKING pc=0x000000011062ce25 sp=0x0000700007aaa648 mode 2
Event: 14.322 Thread 0x00007f8445a6b800 DEOPT PACKING pc=0x0000000110e21da4 sp=0x0000700007aa9510
Event: 14.322 Thread 0x00007f8445a6b800 DEOPT UNPACKING pc=0x000000011062d33a sp=0x0000700007aa8aa8 mode 1
Event: 14.322 Thread 0x00007f8445a6b800 DEOPT PACKING pc=0x0000000110e21da4 sp=0x0000700007aa9510
Event: 14.322 Thread 0x00007f8445a6b800 DEOPT UNPACKING pc=0x000000011062d33a sp=0x0000700007aa8aa8 mode 1
Event: 14.322 Thread 0x00007f8445a6b800 DEOPT PACKING pc=0x0000000110e21da4 sp=0x0000700007aa9510
Event: 14.322 Thread 0x00007f8445a6b800 DEOPT UNPACKING pc=0x000000011062d33a sp=0x0000700007aa8aa8 mode 1
Event: 14.322 Thread 0x00007f8445a6b800 DEOPT PACKING pc=0x0000000110ff8164 sp=0x0000700007aa94b0
Event: 14.322 Thread 0x00007f8445a6b800 DEOPT UNPACKING pc=0x000000011062d33a sp=0x0000700007aa8a18 mode 1
Event: 14.337 Thread 0x00007f8445a6b800 DEOPT PACKING pc=0x0000000110e21da4 sp=0x0000700007aaa980
Event: 14.337 Thread 0x00007f8445a6b800 DEOPT UNPACKING pc=0x000000011062d33a sp=0x0000700007aa9f18 mode 1
Event: 14.337 Thread 0x00007f8445a6b800 DEOPT PACKING pc=0x0000000110e21da4 sp=0x0000700007aaa980
Event: 14.337 Thread 0x00007f8445a6b800 DEOPT UNPACKING pc=0x000000011062d33a sp=0x0000700007aa9f18 mode 1
Event: 14.337 Thread 0x00007f8445a6b800 DEOPT PACKING pc=0x0000000110e21da4 sp=0x0000700007aaaa80
Event: 14.337 Thread 0x00007f8445a6b800 DEOPT UNPACKING pc=0x000000011062d33a sp=0x0000700007aaa018 mode 1
Event: 14.337 Thread 0x00007f8445a6b800 DEOPT PACKING pc=0x0000000110e21da4 sp=0x0000700007aaaa80
Event: 14.337 Thread 0x00007f8445a6b800 DEOPT UNPACKING pc=0x000000011062d33a sp=0x0000700007aaa018 mode 1

Classes unloaded (0 events):
No events

Classes redefined (0 events):
No events

Internal exceptions (20 events):
Event: 10.592 Thread 0x00007f8445a6b800 Exception <a 'java/lang/ClassNotFoundException'{0x00000007e24a7100}: org/springframework/beans/factory/config/BeanFactoryPostProcessorCustomizer> (0x00000007e24a7100) 
thrown [./src/hotspot/share/classfile/systemDictionary.cpp, line 226]
Event: 10.593 Thread 0x00007f8445a6b800 Exception <a 'java/lang/ClassNotFoundException'{0x00000007e24c87c0}: org/springframework/core/PriorityOrderedCustomizer> (0x00000007e24c87c0) 
thrown [./src/hotspot/share/classfile/systemDictionary.cpp, line 226]
Event: 10.593 Thread 0x00007f8445a6b800 Exception <a 'java/lang/ClassNotFoundException'{0x00000007e2366b98}: org/springframework/core/OrderedCustomizer> (0x00000007e2366b98) 
thrown [./src/hotspot/share/classfile/systemDictionary.cpp, line 226]
Event: 10.594 Thread 0x00007f8445a6b800 Exception <a 'java/lang/ClassNotFoundException'{0x00000007e2389798}: org/springframework/context/ResourceLoaderAwareCustomizer> (0x00000007e2389798) 
thrown [./src/hotspot/share/classfile/systemDictionary.cpp, line 226]
Event: 10.597 Thread 0x00007f8445a6b800 Exception <a 'java/lang/ClassNotFoundException'{0x00000007e23aa570}: org/springframework/beans/factory/AwareCustomizer> (0x00000007e23aa570) 
thrown [./src/hotspot/share/classfile/systemDictionary.cpp, line 226]
Event: 10.597 Thread 0x00007f8445a6b800 Exception <a 'java/lang/ClassNotFoundException'{0x00000007e23ce5a8}: org/springframework/beans/factory/BeanClassLoaderAwareCustomizer> (0x00000007e23ce5a8) 
thrown [./src/hotspot/share/classfile/systemDictionary.cpp, line 226]
Event: 10.598 Thread 0x00007f8445a6b800 Exception <a 'java/lang/ClassNotFoundException'{0x00000007e220ade8}: org/springframework/beans/factory/AwareCustomizer> (0x00000007e220ade8) 
thrown [./src/hotspot/share/classfile/systemDictionary.cpp, line 226]
Event: 10.598 Thread 0x00007f8445a6b800 Exception <a 'java/lang/ClassNotFoundException'{0x00000007e222c7c0}: org/springframework/context/EnvironmentAwareCustomizer> (0x00000007e222c7c0) 
thrown [./src/hotspot/share/classfile/systemDictionary.cpp, line 226]
Event: 10.599 Thread 0x00007f8445a6b800 Exception <a 'java/lang/ClassNotFoundException'{0x00000007e224d500}: org/springframework/beans/factory/AwareCustomizer> (0x00000007e224d500) 
thrown [./src/hotspot/share/classfile/systemDictionary.cpp, line 226]
Event: 10.982 Thread 0x00007f8445a6b800 Exception <a 'java/lang/NoSuchMethodError'{0x00000007e1845198}: 'int java.lang.invoke.DirectMethodHandle$Holder.invokeSpecialIFC(java.lang.Object, java.lang.Object, java.lang.Object, java.lang.Object)'> (0x00000007e1845198) 
thrown [./src/hotspot/share/interpreter/linkResolver.cpp, line 766]
Event: 11.356 Thread 0x00007f84465e1800 Exception <a 'java/lang/NoSuchMethodError'{0x00000007e2eb4470}: 'java.lang.Object java.lang.invoke.DirectMethodHandle$Holder.invokeStaticInit(java.lang.Object, java.lang.Object, java.lang.Object, java.lang.Object, java.lang.Object)'> (0x00000007e2eb4470) 
thrown [./src/hotspot/share/interpreter/linkResolver.cpp, line 766]
Event: 12.215 Thread 0x00007f8445a6b800 Exception <a 'java/lang/IncompatibleClassChangeError'{0x00000007e94d2ac0}: Found class java.lang.Object, but interface was expected> (0x00000007e94d2ac0) 
thrown [./src/hotspot/share/interpreter/linkResolver.cpp, line 832]
Event: 12.301 Thread 0x00007f84465e1800 Exception <a 'java/lang/NoSuchMethodError'{0x00000007e2f85920}: 'long java.lang.invoke.DirectMethodHandle$Holder.invokeStatic(java.lang.Object, java.lang.Object)'> (0x00000007e2f85920) 
thrown [./src/hotspot/share/interpreter/linkResolver.cpp, line 766]
Event: 12.301 Thread 0x00007f84465e1800 Exception <a 'java/lang/NoSuchMethodError'{0x00000007e2f88628}: 'long java.lang.invoke.DirectMethodHandle$Holder.invokeStaticInit(java.lang.Object, java.lang.Object)'> (0x00000007e2f88628) 
thrown [./src/hotspot/share/interpreter/linkResolver.cpp, line 766]
Event: 12.302 Thread 0x00007f8445a6b800 Exception <a 'java/lang/NoSuchMethodError'{0x00000007e2f71b58}: 'void java.lang.invoke.DirectMethodHandle$Holder.invokeInterface(java.lang.Object, java.lang.Object, java.lang.Object, java.lang.Object)'> (0x00000007e2f71b58) 
thrown [./src/hotspot/share/interpreter/linkResolver.cpp, line 766]
Event: 12.303 Thread 0x00007f84465e1800 Exception <a 'java/lang/NoSuchMethodError'{0x00000007e2f94020}: 'long java.lang.invoke.DirectMethodHandle$Holder.invokeInterface(java.lang.Object, java.lang.Object)'> (0x00000007e2f94020) 
thrown [./src/hotspot/share/interpreter/linkResolver.cpp, line 766]
Event: 12.303 Thread 0x00007f84465e1800 Exception <a 'java/lang/IncompatibleClassChangeError'{0x00000007e2f96b48}: Found class java.lang.Object, but interface was expected> (0x00000007e2f96b48) 
thrown [./src/hotspot/share/interpreter/linkResolver.cpp, line 832]
Event: 12.311 Thread 0x00007f84465e1800 Exception <a 'java/lang/NoSuchMethodError'{0x00000007e2d5e680}: 'java.lang.Object java.lang.invoke.DirectMethodHandle$Holder.invokeVirtual(java.lang.Object, java.lang.Object, java.lang.Object, java.lang.Object)'> (0x00000007e2d5e680) 
thrown [./src/hotspot/share/interpreter/linkResolver.cpp, line 766]
Event: 13.788 Thread 0x00007f8445a6b800 Exception <a 'java/lang/NoSuchMethodError'{0x00000007e1d77160}: 'java.lang.Object java.lang.invoke.DirectMethodHandle$Holder.invokeStatic(java.lang.Object, java.lang.Object, java.lang.Object, java.lang.Object, int)'> (0x00000007e1d77160) 
thrown [./src/hotspot/share/interpreter/linkResolver.cpp, line 766]
Event: 13.844 Thread 0x00007f8445a6b800 Exception <a 'java/lang/NoSuchMethodError'{0x00000007e96a1470}: 'java.lang.Object java.lang.invoke.DirectMethodHandle$Holder.invokeSpecialIFC(java.lang.Object, java.lang.Object, java.lang.Object, java.lang.Object)'> (0x00000007e96a1470) 
thrown [./src/hotspot/share/interpreter/linkResolver.cpp, line 766]

Events (20 events):
Event: 14.226 loading class java/util/concurrent/FutureTask done
Event: 14.226 loading class java/util/concurrent/FutureTask$WaitNode
Event: 14.226 loading class java/util/concurrent/FutureTask$WaitNode done
Event: 14.227 Executing VM operation: HandshakeAllThreads
Event: 14.227 Executing VM operation: HandshakeAllThreads done
Event: 14.249 loading class jdk/internal/org/objectweb/asm/ClassReader
Event: 14.249 loading class jdk/internal/org/objectweb/asm/ClassReader done
Event: 14.262 loading class java/util/DualPivotQuicksort
Event: 14.262 loading class java/util/DualPivotQuicksort done
Event: 14.265 loading class jdk/internal/reflect/UnsafeStaticObjectFieldAccessorImpl
Event: 14.265 loading class jdk/internal/reflect/UnsafeStaticObjectFieldAccessorImpl done
Event: 14.270 Executing VM operation: HandshakeAllThreads
Event: 14.270 Executing VM operation: HandshakeAllThreads done
Event: 14.367 Executing VM operation: ChangeBreakpoints
Event: 14.367 Executing VM operation: ChangeBreakpoints done
Event: 14.370 Executing VM operation: ChangeBreakpoints
Event: 14.371 Executing VM operation: ChangeBreakpoints done
Event: 14.371 Executing VM operation: ChangeBreakpoints
Event: 14.372 Executing VM operation: ChangeBreakpoints done
Event: 14.372 Executing VM operation: ChangeBreakpoints


Dynamic libraries:
0x00007fff2a449000 	/usr/lib/libz.1.dylib
0x0000000103bbc000 	/Library/Java/JavaVirtualMachines/adoptopenjdk-14.jdk/Contents/Home/lib/libjli.dylib
0x00007fff34f21000 	/System/Library/Frameworks/Cocoa.framework/Versions/A/Cocoa
0x00007fff221dc000 	/System/Library/Frameworks/Security.framework/Versions/A/Security
0x00007fff33170000 	/System/Library/Frameworks/ApplicationServices.framework/Versions/A/ApplicationServices
0x00007fff2a511000 	/usr/lib/libSystem.B.dylib
0x00007fff2a50b000 	/usr/lib/system/libcache.dylib
0x00007fff2a4c7000 	/usr/lib/system/libcommonCrypto.dylib
0x00007fff2a4f1000 	/usr/lib/system/libcompiler_rt.dylib
0x00007fff2a4e6000 	/usr/lib/system/libcopyfile.dylib
0x00007fff200b8000 	/usr/lib/system/libcorecrypto.dylib
0x00007fff20181000 	/usr/lib/system/libdispatch.dylib
0x00007fff20335000 	/usr/lib/system/libdyld.dylib
0x00007fff2a502000 	/usr/lib/system/libkeymgr.dylib
0x00007fff2d93c000 	/usr/lib/system/liblaunch.dylib
0x00007fff2a4a5000 	/usr/lib/system/libmacho.dylib
0x00007fff29cc0000 	/usr/lib/system/libquarantine.dylib
0x00007fff2a4ff000 	/usr/lib/system/libremovefile.dylib
0x00007fff24b69000 	/usr/lib/system/libsystem_asl.dylib
0x00007fff20068000 	/usr/lib/system/libsystem_blocks.dylib
0x00007fff20202000 	/usr/lib/system/libsystem_c.dylib
0x00007fff2a4f9000 	/usr/lib/system/libsystem_collections.dylib
0x00007fff28fb5000 	/usr/lib/system/libsystem_configuration.dylib
0x00007fff282a6000 	/usr/lib/system/libsystem_containermanager.dylib
0x00007fff2a241000 	/usr/lib/system/libsystem_coreservices.dylib
0x00007fff2278e000 	/usr/lib/system/libsystem_darwin.dylib
0x00007fff2a503000 	/usr/lib/system/libsystem_dnssd.dylib
0x00007fff201ff000 	/usr/lib/system/libsystem_featureflags.dylib
0x00007fff2037a000 	/usr/lib/system/libsystem_info.dylib
0x00007fff2a45c000 	/usr/lib/system/libsystem_m.dylib
0x00007fff20154000 	/usr/lib/system/libsystem_malloc.dylib
0x00007fff24afd000 	/usr/lib/system/libsystem_networkextension.dylib
0x00007fff22ba8000 	/usr/lib/system/libsystem_notify.dylib
0x00007fff2fdda000 	/usr/lib/system/libsystem_product_info_filter.dylib
0x00007fff28fb9000 	/usr/lib/system/libsystem_sandbox.dylib
0x00007fff2a4fc000 	/usr/lib/system/libsystem_secinit.dylib
0x00007fff202fa000 	/usr/lib/system/libsystem_kernel.dylib
0x00007fff20370000 	/usr/lib/system/libsystem_platform.dylib
0x00007fff20329000 	/usr/lib/system/libsystem_pthread.dylib
0x00007fff2625f000 	/usr/lib/system/libsystem_symptoms.dylib
0x00007fff200a0000 	/usr/lib/system/libsystem_trace.dylib
0x00007fff2a4d3000 	/usr/lib/system/libunwind.dylib
0x00007fff2006a000 	/usr/lib/system/libxpc.dylib
0x00007fff202e1000 	/usr/lib/libc++abi.dylib
0x00007fff201c6000 	/usr/lib/libobjc.A.dylib
0x00007fff2a4de000 	/usr/lib/liboah.dylib
0x00007fff2028b000 	/usr/lib/libc++.1.dylib
0x00007fff203a6000 	/System/Library/Frameworks/CoreFoundation.framework/Versions/A/CoreFoundation
0x00007fff21150000 	/System/Library/Frameworks/Foundation.framework/Versions/C/Foundation
0x00007fff22c00000 	/System/Library/Frameworks/AppKit.framework/Versions/C/AppKit
0x00007fff25a89000 	/System/Library/Frameworks/CoreData.framework/Versions/A/CoreData
0x00007fff2395d000 	/System/Library/PrivateFrameworks/UIFoundation.framework/Versions/A/UIFoundation
0x00007fff2fb53000 	/System/Library/PrivateFrameworks/RemoteViewServices.framework/Versions/A/RemoteViewServices
0x00007fff28975000 	/System/Library/PrivateFrameworks/XCTTargetBootstrap.framework/Versions/A/XCTTargetBootstrap
0x00007fff2b650000 	/usr/lib/libspindump.dylib
0x00007fff23bb1000 	/System/Library/Frameworks/UniformTypeIdentifiers.framework/Versions/A/UniformTypeIdentifiers
0x00007fff27147000 	/usr/lib/libapp_launch_measurement.dylib
0x00007fff2714a000 	/System/Library/PrivateFrameworks/CoreAutoLayout.framework/Versions/A/CoreAutoLayout
0x00007fff282d6000 	/System/Library/Frameworks/Metal.framework/Versions/A/Metal
0x00007fff28fc4000 	/usr/lib/liblangid.dylib
0x00007fff28979000 	/System/Library/PrivateFrameworks/CoreSVG.framework/Versions/A/CoreSVG
0x00007fff24b98000 	/System/Library/PrivateFrameworks/SkyLight.framework/Versions/A/SkyLight
0x00007fff24ef7000 	/System/Library/Frameworks/CoreGraphics.framework/Versions/A/CoreGraphics
0x00007fff301aa000 	/System/Library/Frameworks/Accelerate.framework/Versions/A/Accelerate
0x00007fff2b08b000 	/System/Library/PrivateFrameworks/IconServices.framework/Versions/A/IconServices
0x00007fff282b7000 	/System/Library/Frameworks/IOSurface.framework/Versions/A/IOSurface
0x00007fff26411000 	/usr/lib/libDiagnosticMessagesClient.dylib
0x00007fff28961000 	/System/Library/PrivateFrameworks/DFRFoundation.framework/Versions/A/DFRFoundation
0x00007fff2252c000 	/usr/lib/libicucore.A.dylib
0x00007fff2cb8d000 	/System/Library/Frameworks/AudioToolbox.framework/Versions/A/AudioToolbox
0x00007fff2be38000 	/System/Library/PrivateFrameworks/DataDetectorsCore.framework/Versions/A/DataDetectorsCore
0x00007fff28661000 	/System/Library/Frameworks/Carbon.framework/Versions/A/Frameworks/HIToolbox.framework/Versions/A/HIToolbox
0x00007fff26baa000 	/System/Library/Frameworks/QuartzCore.framework/Versions/A/QuartzCore
0x00007fff2fb8f000 	/System/Library/Frameworks/Carbon.framework/Versions/A/Frameworks/SpeechRecognition.framework/Versions/A/SpeechRecognition
0x00007fff26eaf000 	/System/Library/PrivateFrameworks/CoreUI.framework/Versions/A/CoreUI
0x00007fff21b38000 	/System/Library/Frameworks/CoreAudio.framework/Versions/A/CoreAudio
0x00007fff264fc000 	/System/Library/Frameworks/DiskArbitration.framework/Versions/A/DiskArbitration
0x00007fff2ba49000 	/System/Library/PrivateFrameworks/MultitouchSupport.framework/Versions/A/MultitouchSupport
0x00007fff2be2f000 	/System/Library/PrivateFrameworks/InternationalSupport.framework/Versions/A/InternationalSupport
0x00007fff24b0c000 	/usr/lib/libenergytrace.dylib
0x00007fff22afa000 	/System/Library/Frameworks/IOKit.framework/Versions/A/IOKit
0x00007fff2fedc000 	/System/Library/Frameworks/CoreServices.framework/Versions/A/CoreServices
0x00007fff270dd000 	/System/Library/PrivateFrameworks/PerformanceAnalysis.framework/Versions/A/PerformanceAnalysis
0x00007fff6b3c4000 	/System/Library/Frameworks/OpenGL.framework/Versions/A/OpenGL
0x00007fff2beb4000 	/System/Library/PrivateFrameworks/UserActivity.framework/Versions/A/UserActivity
0x00007fff2558b000 	/System/Library/Frameworks/ColorSync.framework/Versions/A/ColorSync
0x00007fff28bdd000 	/System/Library/Frameworks/CoreImage.framework/Versions/A/CoreImage
0x00007fff2194e000 	/System/Library/Frameworks/CoreText.framework/Versions/A/CoreText
0x00007fff289a3000 	/System/Library/Frameworks/ImageIO.framework/Versions/A/ImageIO
0x00007fff2a517000 	/System/Library/PrivateFrameworks/SoftLinking.framework/Versions/A/SoftLinking
0x00007fff27193000 	/usr/lib/libxml2.2.dylib
0x00007fff2a789000 	/usr/lib/libcompression.dylib
0x00007fff24b0d000 	/usr/lib/libMobileGestalt.dylib
0x00007fff2bd62000 	/System/Library/PrivateFrameworks/TextureIO.framework/Versions/A/TextureIO
0x00007fff2adaf000 	/usr/lib/libate.dylib
0x00007fff2ab94000 	/usr/lib/liblzma.5.dylib
0x00007fff20e66000 	/System/Library/Frameworks/SystemConfiguration.framework/Versions/A/SystemConfiguration
0x00007fff2a513000 	/usr/lib/libfakelink.dylib
0x00007fff2465f000 	/System/Library/Frameworks/CFNetwork.framework/Versions/A/CFNetwork
0x00007fff2a653000 	/usr/lib/libarchive.2.dylib
0x00007fff20ee3000 	/usr/lib/libCRFSuite.dylib
0x00007fff29ce7000 	/usr/lib/libbsm.0.dylib
0x00007fff2401b000 	/usr/lib/libnetwork.dylib
0x00007fff2a518000 	/usr/lib/libpcap.A.dylib
0x00007fff26258000 	/usr/lib/libdns_services.dylib
0x00007fff2abad000 	/usr/lib/libcoretls_cfhelpers.dylib
0x00007fff2a757000 	/usr/lib/libapple_nghttp2.dylib
0x00007fff2a4ab000 	/usr/lib/system/libkxld.dylib
0x00007fff25ebe000 	/usr/lib/libsqlite3.dylib
0x00007fff2a223000 	/System/Library/PrivateFrameworks/AppleFSCompression.framework/Versions/A/AppleFSCompression
0x00007fff29ccf000 	/usr/lib/libcoretls.dylib
0x00007fff2a784000 	/usr/lib/libpam.2.dylib
0x00007fff2acaa000 	/usr/lib/libxar.1.dylib
0x00007fff28fc0000 	/System/Library/PrivateFrameworks/AppleSystemInfo.framework/Versions/A/AppleSystemInfo
0x00007fff29912000 	/System/Library/PrivateFrameworks/IOMobileFramebuffer.framework/Versions/A/IOMobileFramebuffer
0x00007fff2a233000 	/usr/lib/libbz2.1.0.dylib
0x00007fff2a550000 	/usr/lib/libiconv.2.dylib
0x00007fff2a4a4000 	/usr/lib/libcharset.1.dylib
0x00007fff27119000 	/System/Library/Frameworks/CoreServices.framework/Versions/A/Frameworks/FSEvents.framework/Versions/A/FSEvents
0x00007fff22798000 	/System/Library/Frameworks/CoreServices.framework/Versions/A/Frameworks/CarbonCore.framework/Versions/A/CarbonCore
0x00007fff26461000 	/System/Library/Frameworks/CoreServices.framework/Versions/A/Frameworks/Metadata.framework/Versions/A/Metadata
0x00007fff2a246000 	/System/Library/Frameworks/CoreServices.framework/Versions/A/Frameworks/OSServices.framework/Versions/A/OSServices
0x00007fff2a6c5000 	/System/Library/Frameworks/CoreServices.framework/Versions/A/Frameworks/SearchKit.framework/Versions/A/SearchKit
0x00007fff261e2000 	/System/Library/Frameworks/CoreServices.framework/Versions/A/Frameworks/AE.framework/Versions/A/AE
0x00007fff20842000 	/System/Library/Frameworks/CoreServices.framework/Versions/A/Frameworks/LaunchServices.framework/Versions/A/LaunchServices
0x00007fff2ab45000 	/System/Library/Frameworks/CoreServices.framework/Versions/A/Frameworks/DictionaryServices.framework/Versions/A/DictionaryServices
0x00007fff27122000 	/System/Library/Frameworks/CoreServices.framework/Versions/A/Frameworks/SharedFileList.framework/Versions/A/SharedFileList
0x00007fff29cc3000 	/usr/lib/libCheckFix.dylib
0x00007fff24b80000 	/System/Library/PrivateFrameworks/TCC.framework/Versions/A/TCC
0x00007fff28fc6000 	/System/Library/PrivateFrameworks/CoreNLP.framework/Versions/A/CoreNLP
0x00007fff26414000 	/System/Library/PrivateFrameworks/MetadataUtilities.framework/Versions/A/MetadataUtilities
0x00007fff20f19000 	/usr/lib/libmecabra.dylib
0x00007fff29fd6000 	/System/Library/Frameworks/MLCompute.framework/Versions/A/MLCompute
0x00007fff29cf8000 	/usr/lib/libmecab.dylib
0x00007fff29d42000 	/usr/lib/libgermantok.dylib
0x00007fff2a72d000 	/usr/lib/libThaiTokenizer.dylib
0x00007fff2ace5000 	/usr/lib/libChineseTokenizer.dylib
0x00007fff2a782000 	/System/Library/Frameworks/MetalPerformanceShaders.framework/Versions/A/MetalPerformanceShaders
0x00007fff26503000 	/System/Library/Frameworks/Accelerate.framework/Versions/A/Frameworks/vImage.framework/Versions/A/vImage
0x00007fff2feb5000 	/System/Library/Frameworks/Accelerate.framework/Versions/A/Frameworks/vecLib.framework/Versions/A/vecLib
0x00007fff2acf0000 	/System/Library/Frameworks/Accelerate.framework/Versions/A/Frameworks/vecLib.framework/Versions/A/libvMisc.dylib
0x00007fff2972b000 	/System/Library/Frameworks/Accelerate.framework/Versions/A/Frameworks/vecLib.framework/Versions/A/libvDSP.dylib
0x00007fff20b45000 	/System/Library/Frameworks/Accelerate.framework/Versions/A/Frameworks/vecLib.framework/Versions/A/libBLAS.dylib
0x00007fff2a7a8000 	/System/Library/Frameworks/Accelerate.framework/Versions/A/Frameworks/vecLib.framework/Versions/A/libLAPACK.dylib
0x00007fff29d48000 	/System/Library/Frameworks/Accelerate.framework/Versions/A/Frameworks/vecLib.framework/Versions/A/libLinearAlgebra.dylib
0x00007fff2a76f000 	/System/Library/Frameworks/Accelerate.framework/Versions/A/Frameworks/vecLib.framework/Versions/A/libSparseBLAS.dylib
0x00007fff2a7a2000 	/System/Library/Frameworks/Accelerate.framework/Versions/A/Frameworks/vecLib.framework/Versions/A/libQuadrature.dylib
0x00007fff2906e000 	/System/Library/Frameworks/Accelerate.framework/Versions/A/Frameworks/vecLib.framework/Versions/A/libBNNS.dylib
0x00007fff20df7000 	/System/Library/Frameworks/Accelerate.framework/Versions/A/Frameworks/vecLib.framework/Versions/A/libSparse.dylib
0x00007fff28f59000 	/System/Library/Frameworks/MetalPerformanceShaders.framework/Versions/A/Frameworks/MPSCore.framework/Versions/A/MPSCore
0x00007fff2a192000 	/System/Library/Frameworks/MetalPerformanceShaders.framework/Versions/A/Frameworks/MPSImage.framework/Versions/A/MPSImage
0x00007fff29d5e000 	/System/Library/Frameworks/MetalPerformanceShaders.framework/Versions/A/Frameworks/MPSNeuralNetwork.framework/Versions/A/MPSNeuralNetwork
0x00007fff2a11d000 	/System/Library/Frameworks/MetalPerformanceShaders.framework/Versions/A/Frameworks/MPSMatrix.framework/Versions/A/MPSMatrix
0x00007fff29f86000 	/System/Library/Frameworks/MetalPerformanceShaders.framework/Versions/A/Frameworks/MPSRayIntersector.framework/Versions/A/MPSRayIntersector
0x00007fff2a154000 	/System/Library/Frameworks/MetalPerformanceShaders.framework/Versions/A/Frameworks/MPSNDArray.framework/Versions/A/MPSNDArray
0x00007fff20a71000 	/System/Library/PrivateFrameworks/MetalTools.framework/Versions/A/MetalTools
0x00007fff28fbe000 	/System/Library/PrivateFrameworks/AggregateDictionary.framework/Versions/A/AggregateDictionary
0x00007fff263ec000 	/System/Library/PrivateFrameworks/CoreAnalytics.framework/Versions/A/CoreAnalytics
0x00007fff2a72f000 	/System/Library/PrivateFrameworks/AppleSauce.framework/Versions/A/AppleSauce
0x00007fff282c9000 	/System/Library/PrivateFrameworks/IOAccelerator.framework/Versions/A/IOAccelerator
0x00007fff6b3b8000 	/System/Library/Frameworks/OpenGL.framework/Versions/A/Libraries/libCoreFSCache.dylib
0x00007fff214b4000 	/System/Library/PrivateFrameworks/LanguageModeling.framework/Versions/A/LanguageModeling
0x00007fff298ff000 	/System/Library/PrivateFrameworks/CoreEmoji.framework/Versions/A/CoreEmoji
0x00007fff29067000 	/System/Library/PrivateFrameworks/LinguisticData.framework/Versions/A/LinguisticData
0x00007fff20da9000 	/System/Library/PrivateFrameworks/Lexicon.framework/Versions/A/Lexicon
0x00007fff2a641000 	/usr/lib/libcmph.dylib
0x00007fff270f9000 	/System/Library/Frameworks/OpenDirectory.framework/Versions/A/Frameworks/CFOpenDirectory.framework/Versions/A/CFOpenDirectory
0x00007fff270e9000 	/System/Library/Frameworks/OpenDirectory.framework/Versions/A/OpenDirectory
0x00007fff2abaf000 	/System/Library/PrivateFrameworks/APFS.framework/Versions/A/APFS
0x00007fff29c24000 	/System/Library/Frameworks/SecurityFoundation.framework/Versions/A/SecurityFoundation
0x00007fff2acb8000 	/usr/lib/libutil.dylib
0x00007fff22abf000 	/System/Library/PrivateFrameworks/CoreServicesStore.framework/Versions/A/CoreServicesStore
0x00007fff29cbb000 	/System/Library/Frameworks/ServiceManagement.framework/Versions/A/ServiceManagement
0x00007fff2acbc000 	/usr/lib/libxslt.1.dylib
0x00007fff29cb1000 	/System/Library/PrivateFrameworks/BackgroundTaskManagement.framework/Versions/A/BackgroundTaskManagement
0x00007fff2bcac000 	/System/Library/Frameworks/ImageIO.framework/Versions/A/Resources/libRadiance.dylib
0x00007fff2bcb6000 	/System/Library/Frameworks/ImageIO.framework/Versions/A/Resources/libJPEG.dylib
0x00007fff2bc03000 	/System/Library/Frameworks/ImageIO.framework/Versions/A/Resources/libPng.dylib
0x00007fff2bc2a000 	/System/Library/Frameworks/ImageIO.framework/Versions/A/Resources/libTIFF.dylib
0x00007fff2bd0b000 	/System/Library/Frameworks/ImageIO.framework/Versions/A/Resources/libGIF.dylib
0x00007fff2b966000 	/System/Library/Frameworks/ImageIO.framework/Versions/A/Resources/libJP2.dylib
0x00007fff2b052000 	/usr/lib/libexpat.1.dylib
0x00007fff2b91c000 	/System/Library/PrivateFrameworks/AppleJPEG.framework/Versions/A/AppleJPEG
0x00007fff28504000 	/System/Library/PrivateFrameworks/FontServices.framework/libFontParser.dylib
0x00007fff26196000 	/System/Library/PrivateFrameworks/RunningBoardServices.framework/Versions/A/RunningBoardServices
0x00007fff2ba45000 	/System/Library/PrivateFrameworks/WatchdogClient.framework/Versions/A/WatchdogClient
0x00007fff215a1000 	/System/Library/Frameworks/CoreDisplay.framework/Versions/A/CoreDisplay
0x00007fff28419000 	/System/Library/Frameworks/CoreMedia.framework/Versions/A/CoreMedia
0x00007fff27276000 	/System/Library/Frameworks/CoreVideo.framework/Versions/A/CoreVideo
0x00007fff2ba7d000 	/System/Library/Frameworks/VideoToolbox.framework/Versions/A/VideoToolbox
0x00007fff26114000 	/System/Library/PrivateFrameworks/BaseBoard.framework/Versions/A/BaseBoard
0x00007fff2b197000 	/System/Library/PrivateFrameworks/PersistentConnection.framework/Versions/A/PersistentConnection
0x00007fff25ea7000 	/System/Library/PrivateFrameworks/ProtocolBuffer.framework/Versions/A/ProtocolBuffer
0x00007fff260fb000 	/System/Library/PrivateFrameworks/CommonUtilities.framework/Versions/A/CommonUtilities
0x00007fff2b8b1000 	/System/Library/PrivateFrameworks/Bom.framework/Versions/A/Bom
0x00007fff2bca5000 	/System/Library/PrivateFrameworks/GPUWrangler.framework/Versions/A/GPUWrangler
0x00007fff2bc88000 	/System/Library/PrivateFrameworks/IOPresentment.framework/Versions/A/IOPresentment
0x00007fff2bcb0000 	/System/Library/PrivateFrameworks/DSExternalDisplay.framework/Versions/A/DSExternalDisplay
0x00007fff2bd10000 	/System/Library/PrivateFrameworks/CMCaptureCore.framework/Versions/A/CMCaptureCore
0x00007fff2b637000 	/System/Library/PrivateFrameworks/AppServerSupport.framework/Versions/A/AppServerSupport
0x00007fff2d6dd000 	/System/Library/PrivateFrameworks/perfdata.framework/Versions/A/perfdata
0x00007fff29c13000 	/System/Library/PrivateFrameworks/AssertionServices.framework/Versions/A/AssertionServices
0x00007fff216d8000 	/System/Library/PrivateFrameworks/AudioToolboxCore.framework/Versions/A/AudioToolboxCore
0x00007fff283fc000 	/System/Library/PrivateFrameworks/caulk.framework/Versions/A/caulk
0x00007fff3c977000 	/System/Library/PrivateFrameworks/SystemPolicy.framework/Versions/A/SystemPolicy
0x00007fff2ae48000 	/usr/lib/libIOReport.dylib
0x00007fff2ceff000 	/usr/lib/libSMC.dylib
0x00007fff2bbd0000 	/usr/lib/libAudioToolboxUtility.dylib
0x00007fff3d2dc000 	/usr/lib/libmis.dylib
0x00007fff6b414000 	/System/Library/Frameworks/OpenGL.framework/Versions/A/Libraries/libGLU.dylib
0x00007fff6b3d7000 	/System/Library/Frameworks/OpenGL.framework/Versions/A/Libraries/libGFXShared.dylib
0x00007fff6b5e6000 	/System/Library/Frameworks/OpenGL.framework/Versions/A/Libraries/libGL.dylib
0x00007fff6b3e0000 	/System/Library/Frameworks/OpenGL.framework/Versions/A/Libraries/libGLImage.dylib
0x00007fff6b3d4000 	/System/Library/Frameworks/OpenGL.framework/Versions/A/Libraries/libCVMSPluginSupport.dylib
0x00007fff6b3bf000 	/System/Library/Frameworks/OpenGL.framework/Versions/A/Libraries/libCoreVMClient.dylib
0x00007fff6ca27000 	/System/Library/Frameworks/OpenCL.framework/Versions/A/OpenCL
0x00007fff2b1c1000 	/System/Library/PrivateFrameworks/GraphVisualizer.framework/Versions/A/GraphVisualizer
0x00007fff2b1d0000 	/System/Library/PrivateFrameworks/FaceCore.framework/Versions/A/FaceCore
0x00007fff2b5ec000 	/System/Library/PrivateFrameworks/OTSVG.framework/Versions/A/OTSVG
0x00007fff26e6d000 	/System/Library/Frameworks/ApplicationServices.framework/Versions/A/Frameworks/ATS.framework/Versions/A/Resources/libFontRegistry.dylib
0x00007fff2b63e000 	/System/Library/PrivateFrameworks/FontServices.framework/libhvf.dylib
0x00007fff2affe000 	/System/Library/PrivateFrameworks/AppleVA.framework/Versions/A/AppleVA
0x00007fff2cd48000 	/System/Library/Frameworks/ApplicationServices.framework/Versions/A/Frameworks/ATS.framework/Versions/A/ATS
0x00007fff2d05a000 	/System/Library/Frameworks/ApplicationServices.framework/Versions/A/Frameworks/ColorSyncLegacy.framework/Versions/A/ColorSyncLegacy
0x00007fff25682000 	/System/Library/Frameworks/ApplicationServices.framework/Versions/A/Frameworks/HIServices.framework/Versions/A/HIServices
0x00007fff2d03f000 	/System/Library/Frameworks/ApplicationServices.framework/Versions/A/Frameworks/LangAnalysis.framework/Versions/A/LangAnalysis
0x00007fff2bd1a000 	/System/Library/Frameworks/ApplicationServices.framework/Versions/A/Frameworks/PrintCore.framework/Versions/A/PrintCore
0x00007fff2d062000 	/System/Library/Frameworks/ApplicationServices.framework/Versions/A/Frameworks/QD.framework/Versions/A/QD
0x00007fff2cd38000 	/System/Library/Frameworks/ApplicationServices.framework/Versions/A/Frameworks/SpeechSynthesis.framework/Versions/A/SpeechSynthesis
0x00007fff2bcdb000 	/System/Library/Frameworks/ApplicationServices.framework/Versions/A/Frameworks/ATSUI.framework/Versions/A/ATSUI
0x00007fff2cfdf000 	/usr/lib/libcups.2.dylib
0x00007fff2d04f000 	/System/Library/PrivateFrameworks/NetAuth.framework/Versions/A/NetAuth
0x00007fff2d6f9000 	/System/Library/Frameworks/Kerberos.framework/Versions/A/Kerberos
0x00007fff2d709000 	/System/Library/Frameworks/GSS.framework/Versions/A/GSS
0x00007fff2cdb4000 	/usr/lib/libresolv.9.dylib
0x00007fff2b653000 	/System/Library/PrivateFrameworks/Heimdal.framework/Versions/A/Heimdal
0x00007fff33470000 	/System/Library/Frameworks/Kerberos.framework/Versions/A/Libraries/libHeimdalProxy.dylib
0x00007fff26267000 	/System/Library/Frameworks/Network.framework/Versions/A/Network
0x00007fff2b06c000 	/usr/lib/libheimdal-asn1.dylib
0x00007fff2d759000 	/System/Library/PrivateFrameworks/CommonAuth.framework/Versions/A/CommonAuth
0x00007fff272c3000 	/System/Library/PrivateFrameworks/login.framework/Versions/A/Frameworks/loginsupport.framework/Versions/A/loginsupport
0x00007fff2ccbd000 	/System/Library/PrivateFrameworks/AudioSession.framework/Versions/A/AudioSession
0x00007fff2cd25000 	/usr/lib/libAudioStatistics.dylib
0x00007fff2b0f9000 	/System/Library/PrivateFrameworks/MediaExperience.framework/Versions/A/MediaExperience
0x00007fff2cb5b000 	/System/Library/PrivateFrameworks/AudioSession.framework/libSessionUtility.dylib
0x00007fff2d6ea000 	/usr/lib/libperfcheck.dylib
0x00007fff2d06e000 	/System/Library/PrivateFrameworks/AudioResourceArbitration.framework/Versions/A/AudioResourceArbitration
0x00007fff2b076000 	/System/Library/PrivateFrameworks/IconFoundation.framework/Versions/A/IconFoundation
0x00007fff2fb7f000 	/System/Library/PrivateFrameworks/SpeechRecognitionCore.framework/Versions/A/SpeechRecognitionCore
0x0000000106cf3000 	/Library/Java/JavaVirtualMachines/adoptopenjdk-14.jdk/Contents/Home/lib/server/libjvm.dylib
0x0000000103be1000 	/Library/Java/JavaVirtualMachines/adoptopenjdk-14.jdk/Contents/Home/lib/libjimage.dylib
0x0000000103bee000 	/Library/Java/JavaVirtualMachines/adoptopenjdk-14.jdk/Contents/Home/lib/libjdwp.dylib
0x0000000103c2a000 	/Library/Java/JavaVirtualMachines/adoptopenjdk-14.jdk/Contents/Home/lib/libjava.dylib
0x0000000103c9a000 	/Library/Java/JavaVirtualMachines/adoptopenjdk-14.jdk/Contents/Home/lib/libzip.dylib
0x0000000103fab000 	/Library/Java/JavaVirtualMachines/adoptopenjdk-14.jdk/Contents/Home/lib/libdt_socket.dylib
0x0000000103fb5000 	/Library/Java/JavaVirtualMachines/adoptopenjdk-14.jdk/Contents/Home/lib/libnio.dylib
0x0000000103fc8000 	/Library/Java/JavaVirtualMachines/adoptopenjdk-14.jdk/Contents/Home/lib/libnet.dylib
0x0000000103fe0000 	/Library/Java/JavaVirtualMachines/adoptopenjdk-14.jdk/Contents/Home/lib/libverify.dylib
0x0000000103ff0000 	/Library/Java/JavaVirtualMachines/adoptopenjdk-14.jdk/Contents/Home/lib/libextnet.dylib
0x0000000106a00000 	/Library/Java/JavaVirtualMachines/adoptopenjdk-14.jdk/Contents/Home/lib/libmanagement.dylib
0x0000000106a0a000 	/Library/Java/JavaVirtualMachines/adoptopenjdk-14.jdk/Contents/Home/lib/libmanagement_ext.dylib


VM Arguments:
jvm_args: -Dorg.gradle.native=false -agentlib:jdwp=transport=dt_socket,server=n,suspend=y,address=50792 -Xmx512m -Dfile.encoding=UTF-8 -Duser.country=GB -Duser.language=en -Duser.variant -ea 
java_command: worker.org.gradle.process.internal.worker.GradleWorkerMain 'Gradle Test Executor 2'
java_class_path (initial): /Users/navaneethakrishnan/.gradle/caches/6.7/workerMain/gradle-worker.jar:/Users/navaneethakrishnan/projects/openbasket/order-service/build/classes/java/component:/Users/navaneethakrishnan/projects/openbasket/order-service/build/classes/groovy/component:/Users/navaneethakrishnan/projects/openbasket/order-service/build/resources/component:/Users/navaneethakrishnan/.gradle/caches/modules-2/files-2.1/com.google.guava/guava/23.0/c947004bb13d18182be60077ade044099e4f26f1/guava-23.0.jar:/Users/navaneethakrishnan/.gradle/caches/modules-2/files-2.1/io.jsonwebtoken/jjwt/0.2/91e12a0c77d8ea7dc97c60e3db85659325dd2e93/jjwt-0.2.jar:/Users/navaneethakrishnan/.gradle/caches/modules-2/files-2.1/com.stripe/stripe-java/20.37.0/3de921d12ad7a5781df3ce89de9fbb6c022eb8d7/stripe-java-20.37.0.jar:/Users/navaneethakrishnan/.gradle/caches/modules-2/files-2.1/com.google.code.gson/gson/2.7/751f548c85fa49f330cecbb1875893f971b33c4e/gson-2.7.jar:/Users/navaneethakrishnan/.gradle/caches/modules-2/files-2.1/org.springframework.boot/spring-boot-starter-actuator/2.3.4.RELEASE/44aebd5ec26be2d2ff3f72d2181001aad1f94f4a/spring-boot-starter-actuator-2.3.4.RELEASE.jar:/Users/navaneethakrishnan/.gradle/caches/modules-2/files-2.1/org.springframework.boot/spring-boot-starter-data-jpa/2.3.4.RELEASE/a8b9828649248d762d1d3fc6898c8d7e471e1a8e/spring-boot-starter-data-jpa-2.3.4.RELEASE.jar:/Users/navaneethakrishnan/.gradle/caches/modules-2/files-2.1/org.springframework.boot/spring-boot-starter-security/2.3.4.RELEASE/c7cba64ec709aab550dbbeb9a97acc50d88f6f70/spring-boot-starter-security-2.3.4.RELEASE.jar:/Users/navaneethakrishnan/.gradle/caches/modules-2/files-2.1/org.springframework.boot/spring-boot-starter-web/2.3.4.RELEASE/fe00611add5307c1f25f955b5229b7dddaaa2ff4/spring-boot-starter-web-2.3.4.RELEASE.jar:/Users/navaneethakrishnan/.gradle/caches/modules-2/files-2.1/org.springframework.boot/spring-boot-starter-validation/2.3.4.RELEASE/8f2509793e36e9c09323cb7b88413f9dac69a47f/spring-boot-st
Launcher Type: SUN_STANDARD

[Global flags]
     intx CICompilerCount                          = 3                                         {product} {ergonomic}
     uint ConcGCThreads                            = 1                                         {product} {ergonomic}
     uint G1ConcRefinementThreads                  = 4                                         {product} {ergonomic}
   size_t G1HeapRegionSize                         = 1048576                                   {product} {ergonomic}
    uintx GCDrainStackTargetSize                   = 64                                        {product} {ergonomic}
   size_t InitialHeapSize                          = 268435456                                 {product} {ergonomic}
   size_t MarkStackSize                            = 4194304                                   {product} {ergonomic}
   size_t MaxHeapSize                              = 536870912                                 {product} {command line}
   size_t MaxNewSize                               = 321912832                                 {product} {ergonomic}
   size_t MinHeapDeltaBytes                        = 1048576                                   {product} {ergonomic}
   size_t MinHeapSize                              = 8388608                                   {product} {ergonomic}
    uintx NonNMethodCodeHeapSize                   = 5832780                                {pd product} {ergonomic}
    uintx NonProfiledCodeHeapSize                  = 122912730                              {pd product} {ergonomic}
    uintx ProfiledCodeHeapSize                     = 122912730                              {pd product} {ergonomic}
    uintx ReservedCodeCacheSize                    = 251658240                              {pd product} {ergonomic}
     bool SegmentedCodeCache                       = true                                      {product} {ergonomic}
   size_t SoftMaxHeapSize                          = 536870912                              {manageable} {ergonomic}
     bool UseCompressedClassPointers               = true                                 {lp64_product} {ergonomic}
     bool UseCompressedOops                        = true                                 {lp64_product} {ergonomic}
     bool UseG1GC                                  = true                                      {product} {ergonomic}

Logging:
Log output configuration:
 #0: stdout all=warning uptime,level,tags
 #1: stderr all=off uptime,level,tags

Environment Variables:
PATH=/usr/local/opt/python/libexec/bin:/Users/navaneethakrishnan/google-cloud-sdk/bin:/usr/local/bin:/usr/local/sbin:/usr/bin:/bin:/usr/sbin:/sbin:/Users/navaneethakrishnan/Applications/istio-1.8.2/bin:/opt/gradle/gradle-6.7.1/bin
SHELL=/bin/zsh

Signal Handlers:
SIGSEGV: [libjvm.dylib+0x7bc0e0], sa_mask[0]=11111111011111110111111111111111, sa_flags=SA_ONSTACK|SA_RESTART|SA_SIGINFO
SIGBUS: [libjvm.dylib+0x7bc0e0], sa_mask[0]=11111111011111110111111111111111, sa_flags=SA_RESTART|SA_SIGINFO
SIGFPE: [libjvm.dylib+0x7bc0e0], sa_mask[0]=11111111011111110111111111111111, sa_flags=SA_RESTART|SA_SIGINFO
SIGPIPE: [libjvm.dylib+0x5f8b79], sa_mask[0]=11111111011111110111111111111111, sa_flags=SA_RESTART|SA_SIGINFO
SIGXFSZ: [libjvm.dylib+0x5f8b79], sa_mask[0]=11111111011111110111111111111111, sa_flags=SA_RESTART|SA_SIGINFO
SIGILL: [libjvm.dylib+0x7bc0e0], sa_mask[0]=11111111011111110111111111111111, sa_flags=SA_RESTART|SA_SIGINFO
SIGUSR2: [libjvm.dylib+0x5f9149], sa_mask[0]=00100000000000000000000000000000, sa_flags=SA_RESTART|SA_SIGINFO
SIGHUP: [libjvm.dylib+0x5f81a9], sa_mask[0]=11111111011111110111111111111111, sa_flags=SA_RESTART|SA_SIGINFO
SIGINT: [libjvm.dylib+0x5f81a9], sa_mask[0]=11111111011111110111111111111111, sa_flags=SA_RESTART|SA_SIGINFO
SIGTERM: [libjvm.dylib+0x5f81a9], sa_mask[0]=11111111011111110111111111111111, sa_flags=SA_RESTART|SA_SIGINFO
SIGQUIT: [libjvm.dylib+0x5f81a9], sa_mask[0]=11111111011111110111111111111111, sa_flags=SA_RESTART|SA_SIGINFO


---------------  S Y S T E M  ---------------

OS:uname:Darwin 20.1.0 Darwin Kernel Version 20.1.0: Sat Oct 31 00:07:11 PDT 2020; root:xnu-7195.50.7~2/RELEASE_X86_64 x86_64
OS uptime: 15 days 15:31 hours
rlimit: STACK 8192k, CORE 0k, NPROC 2784, NOFILE 10240, AS infinity, DATA infinity, FSIZE infinity
load average:2.58 2.10 1.96

CPU:total 4 (initial active 4) (4 cores per cpu, 1 threads per core) family 6 model 71 stepping 1, cmov, cx8, fxsr, mmx, sse, sse2, sse3, ssse3, sse4.1, sse4.2, popcnt, avx, avx2, aes, clmul, erms, rtm, 3dnowpref, lzcnt, tsc, tscinvbit, bmi1, bmi2, adx, fma

Memory: 4k page, physical 16777216k(44020k free), swap 2097152k(1442560k free)

vm_info: OpenJDK 64-Bit Server VM (14.0.1+7) for bsd-amd64 JRE (14.0.1+7), built on Apr 15 2020 16:16:35 by "jenkins" with clang 4.2.1 Compatible Apple LLVM 10.0.1 (clang-1001.0.46.4)

END.
